# Logfile created on Sun Apr 11 00:15:42 +0900 2010 by /
REQUESTING PAGE: GET /hello/haru01 with {} and HTTP headers {}
REQUESTING PAGE: GET /hello/haru01 with {} and HTTP headers {}
REQUESTING PAGE: GET /hello/haru01 with {} and HTTP headers {}
REQUESTING PAGE: GET /hello/haru01 with {} and HTTP headers {}
REQUESTING PAGE: GET /hello/haru01 with {} and HTTP headers {}
REQUESTING PAGE: GET /cards/1 with {} and HTTP headers {}
REQUESTING PAGE: GET /hello/haru01 with {} and HTTP headers {}
REQUESTING PAGE: GET /cards/1 with {} and HTTP headers {}
REQUESTING PAGE: GET /hello/haru01 with {} and HTTP headers {}
REQUESTING PAGE: GET /cards/1 with {} and HTTP headers {}
REQUESTING PAGE: GET /hello/haru01 with {} and HTTP headers {}
REQUESTING PAGE: GET /cards/1 with {} and HTTP headers {}
REQUESTING PAGE: GET /hello/haru01 with {} and HTTP headers {}
REQUESTING PAGE: GET /cards/1 with {} and HTTP headers {}
REQUESTING PAGE: GET /hello/haru01 with {} and HTTP headers {}
REQUESTING PAGE: GET /cards/1 with {} and HTTP headers {}
REQUESTING PAGE: GET /cards/1 with {} and HTTP headers {}
REQUESTING PAGE: GET /hello/haru01 with {} and HTTP headers {}
REQUESTING PAGE: GET /cards/1 with {} and HTTP headers {}
REQUESTING PAGE: POST /cards with {"card[text]"=>"World"} and HTTP headers {"HTTP_REFERER"=>"/cards/1"}
REQUESTING PAGE: GET /cards/1 with {} and HTTP headers {}
REQUESTING PAGE: GET /hello/haru01 with {} and HTTP headers {}
REQUESTING PAGE: GET /cards/1 with {} and HTTP headers {}
REQUESTING PAGE: POST /cards with {"card[text]"=>"World"} and HTTP headers {"HTTP_REFERER"=>"/cards/1"}
REQUESTING PAGE: GET /cards/1 with {} and HTTP headers {}
REQUESTING PAGE: GET /hello/haru01 with {} and HTTP headers {}
REQUESTING PAGE: GET /cards/1 with {} and HTTP headers {}
REQUESTING PAGE: POST /cards with {"card[text]"=>"World"} and HTTP headers {"HTTP_REFERER"=>"/cards/1"}
REQUESTING PAGE: GET /cards/1 with {} and HTTP headers {}
REQUESTING PAGE: GET /hello/haru01 with {} and HTTP headers {}
REQUESTING PAGE: GET /cards/1 with {} and HTTP headers {}
REQUESTING PAGE: POST /cards with {"card[text]"=>"The World"} and HTTP headers {"HTTP_REFERER"=>"/cards/1"}
REQUESTING PAGE: GET /cards/1 with {} and HTTP headers {}
REQUESTING PAGE: GET /hello/haru01 with {} and HTTP headers {}
REQUESTING PAGE: GET /cards/1 with {} and HTTP headers {}
REQUESTING PAGE: POST /cards with {"card[text]"=>"The World"} and HTTP headers {"HTTP_REFERER"=>"/cards/1"}
REQUESTING PAGE: GET /cards/1 with {} and HTTP headers {}
REQUESTING PAGE: GET /hello/haru01 with {} and HTTP headers {}
REQUESTING PAGE: GET /cards/1 with {} and HTTP headers {}
REQUESTING PAGE: POST /cards with {"card[text]"=>"World"} and HTTP headers {"HTTP_REFERER"=>"/cards/1"}
REQUESTING PAGE: GET /cards/1 with {} and HTTP headers {}
REQUESTING PAGE: GET /hello/haru01 with {} and HTTP headers {}
REQUESTING PAGE: GET /cards/1 with {} and HTTP headers {}
REQUESTING PAGE: POST /cards with {"card[text]"=>"World2"} and HTTP headers {"HTTP_REFERER"=>"/cards/1"}
REQUESTING PAGE: GET /cards/1 with {} and HTTP headers {}
REQUESTING PAGE: GET /hello/haru01 with {} and HTTP headers {}
REQUESTING PAGE: GET /cards/1 with {} and HTTP headers {}
REQUESTING PAGE: POST /cards with {"card[text]"=>"World2"} and HTTP headers {"HTTP_REFERER"=>"/cards/1"}
REQUESTING PAGE: GET /cards/1 with {} and HTTP headers {}
REQUESTING PAGE: GET /hello/haru01 with {} and HTTP headers {}
REQUESTING PAGE: GET /cards/1 with {} and HTTP headers {}
REQUESTING PAGE: POST /cards with {"card[text]"=>"World2"} and HTTP headers {"HTTP_REFERER"=>"/cards/1"}
REQUESTING PAGE: GET /cards/1 with {} and HTTP headers {}
REQUESTING PAGE: GET /hello/haru01 with {} and HTTP headers {}
REQUESTING PAGE: GET /cards/1 with {} and HTTP headers {}
REQUESTING PAGE: POST /cards with {"card[text]"=>"World2"} and HTTP headers {"HTTP_REFERER"=>"/cards/1"}
REQUESTING PAGE: GET /cards/1 with {} and HTTP headers {}
REQUESTING PAGE: GET /hello/haru01 with {} and HTTP headers {}
REQUESTING PAGE: GET /cards/1 with {} and HTTP headers {}
REQUESTING PAGE: POST /cards with {"card[text]"=>"World2"} and HTTP headers {"HTTP_REFERER"=>"/cards/1"}
REQUESTING PAGE: GET /cards/1 with {} and HTTP headers {}
REQUESTING PAGE: GET /hello/haru01 with {} and HTTP headers {}
REQUESTING PAGE: GET /cards/1 with {} and HTTP headers {}
REQUESTING PAGE: POST /cards with {"card[text]"=>"World2"} and HTTP headers {"HTTP_REFERER"=>"/cards/1"}
REQUESTING PAGE: GET /cards/1 with {} and HTTP headers {}
REQUESTING PAGE: GET /hello/haru01 with {} and HTTP headers {}
REQUESTING PAGE: GET /cards/1 with {} and HTTP headers {}
REQUESTING PAGE: POST /cards with {"card[text]"=>"World2"} and HTTP headers {"HTTP_REFERER"=>"/cards/1"}
REQUESTING PAGE: GET /cards/1 with {} and HTTP headers {}
REQUESTING PAGE: GET /hello/haru01 with {} and HTTP headers {}
REQUESTING PAGE: GET /cards/1 with {} and HTTP headers {}
REQUESTING PAGE: GET /cards/1 with {} and HTTP headers {}
REQUESTING PAGE: GET /hello/haru01 with {} and HTTP headers {}
REQUESTING PAGE: GET /cards/1 with {} and HTTP headers {}
REQUESTING PAGE: POST /cards with {"card[text]"=>"World2"} and HTTP headers {"HTTP_REFERER"=>"/cards/1"}
REQUESTING PAGE: GET /cards/1 with {} and HTTP headers {}
REQUESTING PAGE: GET /hello/haru01 with {} and HTTP headers {}
REQUESTING PAGE: GET /cards/1 with {} and HTTP headers {}
REQUESTING PAGE: POST /cards with {"card[text]"=>"living a world\n"} and HTTP headers {"HTTP_REFERER"=>"/cards/1"}
REQUESTING PAGE: GET /cards/1 with {} and HTTP headers {}
REQUESTING PAGE: GET /hello/haru01 with {} and HTTP headers {}
REQUESTING PAGE: GET /cards/1 with {} and HTTP headers {}
REQUESTING PAGE: POST /cards with {"card[text]"=>"living a world\n"} and HTTP headers {"HTTP_REFERER"=>"/cards/1"}
REQUESTING PAGE: GET /cards/1 with {} and HTTP headers {}
REQUESTING PAGE: GET /hello/haru01 with {} and HTTP headers {}
REQUESTING PAGE: GET /cards/1 with {} and HTTP headers {}
REQUESTING PAGE: POST /cards with {"card[text]"=>"living a world\n"} and HTTP headers {"HTTP_REFERER"=>"/cards/1"}
REQUESTING PAGE: GET /cards/1 with {} and HTTP headers {}
REQUESTING PAGE: GET /hello/haru01 with {} and HTTP headers {}
REQUESTING PAGE: GET /cards/1 with {} and HTTP headers {}
REQUESTING PAGE: POST /cards with {"card[text]"=>"living a world\n"} and HTTP headers {"HTTP_REFERER"=>"/cards/1"}
REQUESTING PAGE: GET /cards/1 with {} and HTTP headers {}
REQUESTING PAGE: GET /hello/haru01 with {} and HTTP headers {}
REQUESTING PAGE: GET /cards/1 with {} and HTTP headers {}
REQUESTING PAGE: POST /cards with {"card[text]"=>"living a world\n"} and HTTP headers {"HTTP_REFERER"=>"/cards/1"}
REQUESTING PAGE: GET /cards/1 with {} and HTTP headers {}
REQUESTING PAGE: GET /hello/haru01 with {} and HTTP headers {}
REQUESTING PAGE: GET /cards/1 with {} and HTTP headers {}
REQUESTING PAGE: POST /cards with {"card[text]"=>"living a world\n"} and HTTP headers {"HTTP_REFERER"=>"/cards/1"}
REQUESTING PAGE: GET /cards/1 with {} and HTTP headers {}
REQUESTING PAGE: GET /hello/haru01 with {} and HTTP headers {}
REQUESTING PAGE: GET /cards/1 with {} and HTTP headers {}
REQUESTING PAGE: POST /cards with {"card[text]"=>"living a world\n"} and HTTP headers {"HTTP_REFERER"=>"/cards/1"}
REQUESTING PAGE: GET /cards/1 with {} and HTTP headers {}
REQUESTING PAGE: GET /hello/haru01 with {} and HTTP headers {}
REQUESTING PAGE: GET /cards/1 with {} and HTTP headers {}
REQUESTING PAGE: POST /cards with {"card[text]"=>"living a world\n"} and HTTP headers {"HTTP_REFERER"=>"/cards/1"}
REQUESTING PAGE: GET /cards/1 with {} and HTTP headers {}
REQUESTING PAGE: GET /hello/haru01 with {} and HTTP headers {}
REQUESTING PAGE: GET /cards/1 with {} and HTTP headers {}
REQUESTING PAGE: POST /cards with {"card[text]"=>"living a world\n"} and HTTP headers {"HTTP_REFERER"=>"/cards/1"}
REQUESTING PAGE: GET /cards/1 with {} and HTTP headers {}
REQUESTING PAGE: GET /hello/haru01 with {} and HTTP headers {}
REQUESTING PAGE: GET /cards/1 with {} and HTTP headers {}
REQUESTING PAGE: POST /cards with {"card[text]"=>"living a world\n"} and HTTP headers {"HTTP_REFERER"=>"/cards/1"}
REQUESTING PAGE: GET /cards/1 with {} and HTTP headers {}
REQUESTING PAGE: GET /hello/haru01 with {} and HTTP headers {}
REQUESTING PAGE: GET /cards/1 with {} and HTTP headers {}
REQUESTING PAGE: POST /cards with {"card[text]"=>"living a world\n"} and HTTP headers {"HTTP_REFERER"=>"/cards/1"}
REQUESTING PAGE: GET /cards/1 with {} and HTTP headers {}
REQUESTING PAGE: GET /hello/haru01 with {} and HTTP headers {}
REQUESTING PAGE: GET /cards/1 with {} and HTTP headers {}
REQUESTING PAGE: POST /cards with {"card[text]"=>"living a world\n"} and HTTP headers {"HTTP_REFERER"=>"/cards/1"}
REQUESTING PAGE: GET /cards/1 with {} and HTTP headers {}
REQUESTING PAGE: GET /hello/haru01 with {} and HTTP headers {}
REQUESTING PAGE: GET /cards/1 with {} and HTTP headers {}
REQUESTING PAGE: POST /cards with {"card[text]"=>"living a world\n"} and HTTP headers {"HTTP_REFERER"=>"/cards/1"}
REQUESTING PAGE: GET /cards/1 with {} and HTTP headers {}
REQUESTING PAGE: GET /hello/haru01 with {} and HTTP headers {}
REQUESTING PAGE: GET /cards/1 with {} and HTTP headers {}
REQUESTING PAGE: POST /cards with {"card[text]"=>"living a world\n"} and HTTP headers {"HTTP_REFERER"=>"/cards/1"}
REQUESTING PAGE: GET /cards/1 with {} and HTTP headers {}
REQUESTING PAGE: GET /hello/haru01 with {} and HTTP headers {}
REQUESTING PAGE: GET /cards/1 with {} and HTTP headers {}
REQUESTING PAGE: POST /cards with {"card[text]"=>"living a world\n"} and HTTP headers {"HTTP_REFERER"=>"/cards/1"}
REQUESTING PAGE: GET /cards/1 with {} and HTTP headers {}
REQUESTING PAGE: GET /hello/haru01 with {} and HTTP headers {}
REQUESTING PAGE: GET /cards/1 with {} and HTTP headers {}
REQUESTING PAGE: POST /cards with {"card[text]"=>"living a world\n"} and HTTP headers {"HTTP_REFERER"=>"/cards/1"}
REQUESTING PAGE: GET /cards/1 with {} and HTTP headers {}
REQUESTING PAGE: GET /hello/haru01 with {} and HTTP headers {}
REQUESTING PAGE: GET /cards/1 with {} and HTTP headers {}
REQUESTING PAGE: POST /cards with {"card[text]"=>"living a world\n"} and HTTP headers {"HTTP_REFERER"=>"/cards/1"}
REQUESTING PAGE: GET /cards/1 with {} and HTTP headers {}
REQUESTING PAGE: GET /hello/haru01 with {} and HTTP headers {}
REQUESTING PAGE: GET /cards/1 with {} and HTTP headers {}
REQUESTING PAGE: POST /cards with {"card[text]"=>"living a world\n"} and HTTP headers {"HTTP_REFERER"=>"/cards/1"}
REQUESTING PAGE: GET /cards/1 with {} and HTTP headers {}
REQUESTING PAGE: GET /hello/haru01 with {} and HTTP headers {}
REQUESTING PAGE: GET /cards/1 with {} and HTTP headers {}
REQUESTING PAGE: POST /cards with {"card[text]"=>"living a world\n"} and HTTP headers {"HTTP_REFERER"=>"/cards/1"}
REQUESTING PAGE: GET /cards/1 with {} and HTTP headers {}
REQUESTING PAGE: GET /hello/haru01 with {} and HTTP headers {}
REQUESTING PAGE: GET /cards/1 with {} and HTTP headers {}
REQUESTING PAGE: POST /cards with {"card[text]"=>"living a world\n"} and HTTP headers {"HTTP_REFERER"=>"/cards/1"}
REQUESTING PAGE: GET /cards/1 with {} and HTTP headers {}
REQUESTING PAGE: GET /hello/haru01 with {} and HTTP headers {}
REQUESTING PAGE: GET /cards/1 with {} and HTTP headers {}
REQUESTING PAGE: POST /cards with {"card[text]"=>"living a world\n"} and HTTP headers {"HTTP_REFERER"=>"/cards/1"}
REQUESTING PAGE: GET /cards/1 with {} and HTTP headers {}
REQUESTING PAGE: GET /hello/haru01 with {} and HTTP headers {}
REQUESTING PAGE: GET /cards/1 with {} and HTTP headers {}
REQUESTING PAGE: POST /cards with {"card[text]"=>"living a world\n"} and HTTP headers {"HTTP_REFERER"=>"/cards/1"}
REQUESTING PAGE: GET /cards/1 with {} and HTTP headers {}
REQUESTING PAGE: GET /hello/haru01 with {} and HTTP headers {}
REQUESTING PAGE: GET /cards/1 with {} and HTTP headers {}
REQUESTING PAGE: POST /cards with {"card[text]"=>"living a world\n"} and HTTP headers {"HTTP_REFERER"=>"/cards/1"}
REQUESTING PAGE: GET /cards/1 with {} and HTTP headers {}
REQUESTING PAGE: GET /hello/haru01 with {} and HTTP headers {}
REQUESTING PAGE: GET /cards/1 with {} and HTTP headers {}
REQUESTING PAGE: POST /cards with {"card[text]"=>"living a world\n"} and HTTP headers {"HTTP_REFERER"=>"/cards/1"}
REQUESTING PAGE: GET /cards/1 with {} and HTTP headers {}
REQUESTING PAGE: GET /hello/haru01 with {} and HTTP headers {}
REQUESTING PAGE: GET /cards/1 with {} and HTTP headers {}
REQUESTING PAGE: POST /cards with {"card[text]"=>"living a world\n"} and HTTP headers {"HTTP_REFERER"=>"/cards/1"}
REQUESTING PAGE: GET /cards/1 with {} and HTTP headers {}
REQUESTING PAGE: GET /hello/haru01 with {} and HTTP headers {}
REQUESTING PAGE: GET /cards/1 with {} and HTTP headers {}
REQUESTING PAGE: POST /cards with {"card[text]"=>"living a world\n"} and HTTP headers {"HTTP_REFERER"=>"/cards/1"}
REQUESTING PAGE: GET /cards/1 with {} and HTTP headers {}
REQUESTING PAGE: GET /hello/haru01 with {} and HTTP headers {}
REQUESTING PAGE: GET /cards/1 with {} and HTTP headers {}
REQUESTING PAGE: POST /cards with {"card[text]"=>"living a world\n"} and HTTP headers {"HTTP_REFERER"=>"/cards/1"}
REQUESTING PAGE: GET /cards/1 with {} and HTTP headers {}
REQUESTING PAGE: GET /hello/haru01 with {} and HTTP headers {}
REQUESTING PAGE: GET /cards/1 with {} and HTTP headers {}
REQUESTING PAGE: POST /cards with {"card[text]"=>"living a world\n"} and HTTP headers {"HTTP_REFERER"=>"/cards/1"}
REQUESTING PAGE: GET /cards/1 with {} and HTTP headers {}
REQUESTING PAGE: GET /hello/haru01 with {} and HTTP headers {}
REQUESTING PAGE: GET /cards/1 with {} and HTTP headers {}
REQUESTING PAGE: POST /cards with {"card[text]"=>"living a world\n"} and HTTP headers {"HTTP_REFERER"=>"/cards/1"}
REQUESTING PAGE: GET /cards/1 with {} and HTTP headers {}
REQUESTING PAGE: GET /hello/haru01 with {} and HTTP headers {}
REQUESTING PAGE: GET /cards/1 with {} and HTTP headers {}
REQUESTING PAGE: POST /cards with {"card[text]"=>"living a world\n"} and HTTP headers {"HTTP_REFERER"=>"/cards/1"}
REQUESTING PAGE: GET /cards/1 with {} and HTTP headers {}
REQUESTING PAGE: GET /hello/haru01 with {} and HTTP headers {}
REQUESTING PAGE: GET /cards/1 with {} and HTTP headers {}
REQUESTING PAGE: POST /cards with {"card[text]"=>"living a world\n"} and HTTP headers {"HTTP_REFERER"=>"/cards/1"}
REQUESTING PAGE: GET /cards/1 with {} and HTTP headers {}
REQUESTING PAGE: GET /hello/haru01 with {} and HTTP headers {}
REQUESTING PAGE: GET /cards/1 with {} and HTTP headers {}
REQUESTING PAGE: POST /cards with {"card[text]"=>"living a world\n"} and HTTP headers {"HTTP_REFERER"=>"/cards/1"}
REQUESTING PAGE: GET /cards/1 with {} and HTTP headers {}
REQUESTING PAGE: GET /hello/haru01 with {} and HTTP headers {}
REQUESTING PAGE: GET /cards/1 with {} and HTTP headers {}
REQUESTING PAGE: POST /cards with {"card[text]"=>"living a world\n"} and HTTP headers {"HTTP_REFERER"=>"/cards/1"}
REQUESTING PAGE: GET /cards/1 with {} and HTTP headers {}
REQUESTING PAGE: GET /hello/haru01 with {} and HTTP headers {}
REQUESTING PAGE: GET /cards/1 with {} and HTTP headers {}
REQUESTING PAGE: POST /cards with {"card[text]"=>"living a world\n"} and HTTP headers {"HTTP_REFERER"=>"/cards/1"}
REQUESTING PAGE: GET /cards/1 with {} and HTTP headers {}
REQUESTING PAGE: GET /hello/haru01 with {} and HTTP headers {}
REQUESTING PAGE: GET /cards/1 with {} and HTTP headers {}
REQUESTING PAGE: POST /cards with {"card[text]"=>"living a world\n"} and HTTP headers {"HTTP_REFERER"=>"/cards/1"}
REQUESTING PAGE: GET /cards/1 with {} and HTTP headers {}
REQUESTING PAGE: GET /hello/haru01 with {} and HTTP headers {}
REQUESTING PAGE: GET /cards/1 with {} and HTTP headers {}
REQUESTING PAGE: GET /cards/1 with {} and HTTP headers {}
REQUESTING PAGE: GET /cards/1 with {} and HTTP headers {}
REQUESTING PAGE: POST /cards with {"card[text]"=>"living a world\n"} and HTTP headers {"HTTP_REFERER"=>"/cards/1"}
REQUESTING PAGE: GET /hello/haru01 with {} and HTTP headers {}
REQUESTING PAGE: GET /hello/haru01 with {} and HTTP headers {}
REQUESTING PAGE: GET /cards/1 with {} and HTTP headers {}
REQUESTING PAGE: GET /cards/1 with {} and HTTP headers {}
REQUESTING PAGE: GET /cards/1 with {} and HTTP headers {}
REQUESTING PAGE: POST /cards with {"card[text]"=>"living a world\n"} and HTTP headers {"HTTP_REFERER"=>"/cards/1"}
REQUESTING PAGE: GET /hello/haru01 with {} and HTTP headers {}
REQUESTING PAGE: GET /cards/1 with {} and HTTP headers {}
REQUESTING PAGE: GET /cards/1 with {} and HTTP headers {}
REQUESTING PAGE: GET /cards/1 with {} and HTTP headers {}
REQUESTING PAGE: POST /cards with {"card[text]"=>"living a world\n"} and HTTP headers {"HTTP_REFERER"=>"/cards/1"}
REQUESTING PAGE: GET /hello/haru01 with {} and HTTP headers {}
REQUESTING PAGE: GET /cards/1 with {} and HTTP headers {}
REQUESTING PAGE: GET /cards/1 with {} and HTTP headers {}
REQUESTING PAGE: GET /cards/1 with {} and HTTP headers {}
REQUESTING PAGE: POST /cards with {"card[text]"=>"living a world\n"} and HTTP headers {"HTTP_REFERER"=>"/cards/1"}
REQUESTING PAGE: GET /hello/haru01 with {} and HTTP headers {}
REQUESTING PAGE: GET /cards/1 with {} and HTTP headers {}
REQUESTING PAGE: GET /cards/1 with {} and HTTP headers {}
REQUESTING PAGE: GET /cards/1 with {} and HTTP headers {}
REQUESTING PAGE: POST /cards with {"card[text]"=>"living a world\n"} and HTTP headers {"HTTP_REFERER"=>"/cards/1"}
REQUESTING PAGE: GET /hello/haru01 with {} and HTTP headers {}
REQUESTING PAGE: GET /cards/1 with {} and HTTP headers {}
REQUESTING PAGE: GET /cards/1 with {} and HTTP headers {}
REQUESTING PAGE: GET /cards/1 with {} and HTTP headers {}
REQUESTING PAGE: POST /cards with {"card[text]"=>"living a world\n"} and HTTP headers {"HTTP_REFERER"=>"/cards/1"}
REQUESTING PAGE: GET /hello/haru01 with {} and HTTP headers {}
REQUESTING PAGE: GET /cards/1 with {} and HTTP headers {}
REQUESTING PAGE: GET /cards/1 with {} and HTTP headers {}
REQUESTING PAGE: GET /cards/1 with {} and HTTP headers {}
REQUESTING PAGE: POST /cards with {"card[text]"=>"living a world\n"} and HTTP headers {"HTTP_REFERER"=>"/cards/1"}
REQUESTING PAGE: GET /hello/haru01 with {} and HTTP headers {}
REQUESTING PAGE: GET /cards/1 with {} and HTTP headers {}
REQUESTING PAGE: GET /cards/1 with {} and HTTP headers {}
REQUESTING PAGE: GET /cards/1 with {} and HTTP headers {}
REQUESTING PAGE: POST /cards with {"card[text]"=>"living a world\n"} and HTTP headers {"HTTP_REFERER"=>"/cards/1"}
REQUESTING PAGE: GET /hello/haru01 with {} and HTTP headers {}
REQUESTING PAGE: GET /cards/1 with {} and HTTP headers {}
REQUESTING PAGE: GET /cards/1 with {} and HTTP headers {}
REQUESTING PAGE: GET /cards/1 with {} and HTTP headers {}
REQUESTING PAGE: POST /cards with {"card[text]"=>"living a world\n"} and HTTP headers {"HTTP_REFERER"=>"/cards/1"}
REQUESTING PAGE: GET /hello/haru01 with {} and HTTP headers {}
REQUESTING PAGE: GET /cards/1 with {} and HTTP headers {}
REQUESTING PAGE: GET /cards/1 with {} and HTTP headers {}
REQUESTING PAGE: GET /cards/1 with {} and HTTP headers {}
REQUESTING PAGE: POST /cards with {"card[text]"=>"living a world\n"} and HTTP headers {"HTTP_REFERER"=>"/cards/1"}
REQUESTING PAGE: GET /hello/haru01 with {} and HTTP headers {}
REQUESTING PAGE: GET /cards/1 with {} and HTTP headers {}
REQUESTING PAGE: GET /cards/1 with {} and HTTP headers {}
REQUESTING PAGE: GET /cards/1 with {} and HTTP headers {}
REQUESTING PAGE: POST /cards with {"card[text]"=>"living a world\n"} and HTTP headers {"HTTP_REFERER"=>"/cards/1"}
REQUESTING PAGE: GET /hello/haru01 with {} and HTTP headers {}
REQUESTING PAGE: GET /cards/1 with {} and HTTP headers {}
REQUESTING PAGE: GET /cards/1 with {} and HTTP headers {}
REQUESTING PAGE: GET /cards/1 with {} and HTTP headers {}
REQUESTING PAGE: POST /cards with {"card[text]"=>"living a world\n"} and HTTP headers {"HTTP_REFERER"=>"/cards/1"}
REQUESTING PAGE: GET /hello/haru01 with {} and HTTP headers {}
REQUESTING PAGE: GET /cards/1 with {} and HTTP headers {}
REQUESTING PAGE: GET /cards/1 with {} and HTTP headers {}
REQUESTING PAGE: GET /cards/1 with {} and HTTP headers {}
REQUESTING PAGE: POST /cards with {"card[text]"=>"living a world\n"} and HTTP headers {"HTTP_REFERER"=>"/cards/1"}
REQUESTING PAGE: GET /hello/haru01 with {} and HTTP headers {}
REQUESTING PAGE: GET /cards/1 with {} and HTTP headers {}
REQUESTING PAGE: GET /cards/1 with {} and HTTP headers {}
REQUESTING PAGE: GET /cards/1 with {} and HTTP headers {}
REQUESTING PAGE: POST /cards with {"card[text]"=>"living a world\n"} and HTTP headers {"HTTP_REFERER"=>"/cards/1"}
REQUESTING PAGE: GET /hello/haru01 with {} and HTTP headers {}
REQUESTING PAGE: GET /cards/1 with {} and HTTP headers {}
REQUESTING PAGE: GET /cards/1 with {} and HTTP headers {}
REQUESTING PAGE: GET /cards/1 with {} and HTTP headers {}
REQUESTING PAGE: POST /cards with {"card[text]"=>"living a world\n"} and HTTP headers {"HTTP_REFERER"=>"/cards/1"}
REQUESTING PAGE: GET /hello/haru01 with {} and HTTP headers {}
REQUESTING PAGE: GET /cards/1 with {} and HTTP headers {}
REQUESTING PAGE: GET /cards/1 with {} and HTTP headers {}
REQUESTING PAGE: GET /cards/1 with {} and HTTP headers {"HTTP_REFERER"=>"/cards/1"}
REQUESTING PAGE: GET /cards/1 with {} and HTTP headers {}
REQUESTING PAGE: POST /cards with {"card[text]"=>"living a world\n"} and HTTP headers {"HTTP_REFERER"=>"/cards/1"}
REQUESTING PAGE: GET /hello/haru01 with {} and HTTP headers {}
REQUESTING PAGE: GET /cards/1 with {} and HTTP headers {}
REQUESTING PAGE: GET /cards/1 with {} and HTTP headers {}
REQUESTING PAGE: GET /cards/1 with {} and HTTP headers {"HTTP_REFERER"=>"/cards/1"}
REQUESTING PAGE: GET /cards/1 with {} and HTTP headers {}
REQUESTING PAGE: POST /cards with {"card[text]"=>"living a world\n"} and HTTP headers {"HTTP_REFERER"=>"/cards/1"}
REQUESTING PAGE: GET /hello/haru01 with {} and HTTP headers {}
REQUESTING PAGE: GET /cards/1 with {} and HTTP headers {}
REQUESTING PAGE: GET /cards/1 with {} and HTTP headers {}
REQUESTING PAGE: GET /cards/1 with {} and HTTP headers {"HTTP_REFERER"=>"/cards/1"}
REQUESTING PAGE: GET /cards/1 with {} and HTTP headers {}
REQUESTING PAGE: POST /cards with {"card[text]"=>"living a world\n"} and HTTP headers {"HTTP_REFERER"=>"/cards/1"}
REQUESTING PAGE: GET /hello/haru01 with {} and HTTP headers {}
REQUESTING PAGE: GET /cards/1 with {} and HTTP headers {}
REQUESTING PAGE: GET /cards/1 with {} and HTTP headers {}
REQUESTING PAGE: GET /cards/1 with {} and HTTP headers {"HTTP_REFERER"=>"/cards/1"}
REQUESTING PAGE: GET /cards/1 with {} and HTTP headers {}
REQUESTING PAGE: POST /cards with {"card[text]"=>"living a world\n"} and HTTP headers {"HTTP_REFERER"=>"/cards/1"}
REQUESTING PAGE: GET /hello/haru01 with {} and HTTP headers {}
REQUESTING PAGE: GET /cards/1 with {} and HTTP headers {}
REQUESTING PAGE: GET /cards/1 with {} and HTTP headers {}
REQUESTING PAGE: GET /cards/1 with {} and HTTP headers {"HTTP_REFERER"=>"/cards/1"}
REQUESTING PAGE: GET /cards/1 with {} and HTTP headers {}
REQUESTING PAGE: POST /cards with {"card[text]"=>"living a world\n"} and HTTP headers {"HTTP_REFERER"=>"/cards/1"}
REQUESTING PAGE: GET /hello/haru01 with {} and HTTP headers {}
REQUESTING PAGE: GET /cards/1 with {} and HTTP headers {}
REQUESTING PAGE: GET /cards/1 with {} and HTTP headers {}
REQUESTING PAGE: GET /cards/1 with {} and HTTP headers {"HTTP_REFERER"=>"/cards/1"}
REQUESTING PAGE: GET /cards/1 with {} and HTTP headers {}
REQUESTING PAGE: POST /cards with {"card[text]"=>"living a world\n"} and HTTP headers {"HTTP_REFERER"=>"/cards/1"}
REQUESTING PAGE: GET /hello/haru01 with {} and HTTP headers {}
REQUESTING PAGE: GET /cards/1 with {} and HTTP headers {}
REQUESTING PAGE: GET /cards/1 with {} and HTTP headers {}
REQUESTING PAGE: GET /cards/1 with {} and HTTP headers {"HTTP_REFERER"=>"/cards/1"}
REQUESTING PAGE: GET /cards/1 with {} and HTTP headers {}
REQUESTING PAGE: POST /cards with {"card[text]"=>"living a world\n"} and HTTP headers {"HTTP_REFERER"=>"/cards/1"}
REQUESTING PAGE: GET /hello/haru01 with {} and HTTP headers {}
REQUESTING PAGE: GET /cards/1 with {} and HTTP headers {}
REQUESTING PAGE: GET /cards/1 with {} and HTTP headers {}
REQUESTING PAGE: GET /cards/1 with {} and HTTP headers {"HTTP_REFERER"=>"/cards/1"}
REQUESTING PAGE: GET /cards/1 with {} and HTTP headers {}
REQUESTING PAGE: POST /cards with {"card[text]"=>"living a world\n"} and HTTP headers {"HTTP_REFERER"=>"/cards/1"}
REQUESTING PAGE: GET /hello/haru01 with {} and HTTP headers {}
REQUESTING PAGE: GET /cards/1 with {} and HTTP headers {}
REQUESTING PAGE: GET /cards/1 with {} and HTTP headers {}
REQUESTING PAGE: GET /cards/1 with {} and HTTP headers {"HTTP_REFERER"=>"/cards/1"}
REQUESTING PAGE: GET /cards/1 with {} and HTTP headers {}
REQUESTING PAGE: POST /cards with {"card[text]"=>"living a world\n"} and HTTP headers {"HTTP_REFERER"=>"/cards/1"}
REQUESTING PAGE: GET /hello/haru01 with {} and HTTP headers {}
REQUESTING PAGE: GET /cards/1 with {} and HTTP headers {}
REQUESTING PAGE: GET /cards/1 with {} and HTTP headers {}
REQUESTING PAGE: GET /cards/1 with {} and HTTP headers {"HTTP_REFERER"=>"/cards/1"}
REQUESTING PAGE: GET /cards/1 with {} and HTTP headers {}
REQUESTING PAGE: POST /cards with {"card[text]"=>"living a world\n"} and HTTP headers {"HTTP_REFERER"=>"/cards/1"}
REQUESTING PAGE: GET /hello/haru01 with {} and HTTP headers {}
REQUESTING PAGE: GET /cards/1 with {} and HTTP headers {}
REQUESTING PAGE: GET /cards/1 with {} and HTTP headers {}
REQUESTING PAGE: GET /cards/1 with {} and HTTP headers {"HTTP_REFERER"=>"/cards/1"}
REQUESTING PAGE: GET /cards/1 with {} and HTTP headers {}
REQUESTING PAGE: POST /cards with {"card[text]"=>"living a world\n"} and HTTP headers {"HTTP_REFERER"=>"/cards/1"}
REQUESTING PAGE: GET /hello/haru01 with {} and HTTP headers {}
REQUESTING PAGE: GET /cards/1 with {} and HTTP headers {}
REQUESTING PAGE: GET /cards/1 with {} and HTTP headers {}
REQUESTING PAGE: GET /cards/1 with {} and HTTP headers {"HTTP_REFERER"=>"/cards/1"}
REQUESTING PAGE: GET /cards/1 with {} and HTTP headers {}
REQUESTING PAGE: POST /cards with {"card[text]"=>"living a world\n"} and HTTP headers {"HTTP_REFERER"=>"/cards/1"}
REQUESTING PAGE: GET /hello/haru01 with {} and HTTP headers {}
REQUESTING PAGE: GET /cards/1 with {} and HTTP headers {}
REQUESTING PAGE: GET /cards/1 with {} and HTTP headers {}
REQUESTING PAGE: GET /cards/1 with {} and HTTP headers {"HTTP_REFERER"=>"/cards/1"}
REQUESTING PAGE: GET /cards/1 with {} and HTTP headers {}
REQUESTING PAGE: POST /cards with {"card[text]"=>"living a world\n"} and HTTP headers {"HTTP_REFERER"=>"/cards/1"}
REQUESTING PAGE: GET /hello/haru01 with {} and HTTP headers {}
REQUESTING PAGE: GET /cards/1 with {} and HTTP headers {}
REQUESTING PAGE: GET /cards/1 with {} and HTTP headers {}
REQUESTING PAGE: GET /cards/1 with {} and HTTP headers {"HTTP_REFERER"=>"/cards/1"}
REQUESTING PAGE: GET /cards/1 with {} and HTTP headers {}
REQUESTING PAGE: POST /cards with {"card[text]"=>"living a world\n"} and HTTP headers {"HTTP_REFERER"=>"/cards/1"}
REQUESTING PAGE: GET /hello/haru01 with {} and HTTP headers {}
REQUESTING PAGE: GET /cards/1 with {} and HTTP headers {}
REQUESTING PAGE: GET /cards/1 with {} and HTTP headers {}
REQUESTING PAGE: GET /cards/1 with {} and HTTP headers {"HTTP_REFERER"=>"/cards/1"}
REQUESTING PAGE: GET /cards/1 with {} and HTTP headers {}
REQUESTING PAGE: POST /cards with {"card[text]"=>"living a world\n"} and HTTP headers {"HTTP_REFERER"=>"/cards/1"}
REQUESTING PAGE: GET /hello/haru01 with {} and HTTP headers {}
REQUESTING PAGE: GET /cards/1 with {} and HTTP headers {}
REQUESTING PAGE: GET /cards/1 with {} and HTTP headers {}
REQUESTING PAGE: GET /cards/1 with {} and HTTP headers {"HTTP_REFERER"=>"/cards/1"}
REQUESTING PAGE: GET /cards/1 with {} and HTTP headers {}
REQUESTING PAGE: POST /cards with {"card[text]"=>"living a world\n"} and HTTP headers {"HTTP_REFERER"=>"/cards/1"}
REQUESTING PAGE: GET /hello/haru01 with {} and HTTP headers {}
REQUESTING PAGE: GET /cards/1 with {} and HTTP headers {}
REQUESTING PAGE: GET /cards/1 with {} and HTTP headers {}
REQUESTING PAGE: GET /cards/1 with {} and HTTP headers {"HTTP_REFERER"=>"/cards/1"}
REQUESTING PAGE: GET /cards/1 with {} and HTTP headers {}
REQUESTING PAGE: POST /cards with {"card[text]"=>"living a world\n"} and HTTP headers {"HTTP_REFERER"=>"/cards/1"}
REQUESTING PAGE: GET /hello/haru01 with {} and HTTP headers {}
REQUESTING PAGE: GET /cards/1 with {} and HTTP headers {}
REQUESTING PAGE: GET /cards/1 with {} and HTTP headers {}
REQUESTING PAGE: GET /cards/1 with {} and HTTP headers {}
REQUESTING PAGE: POST /cards with {"card[text]"=>"living a world\n"} and HTTP headers {"HTTP_REFERER"=>"/cards/1"}
REQUESTING PAGE: GET /hello/haru01 with {} and HTTP headers {}
REQUESTING PAGE: GET /cards/1 with {} and HTTP headers {}
REQUESTING PAGE: GET /cards/1 with {} and HTTP headers {}
REQUESTING PAGE: GET /cards/1 with {} and HTTP headers {}
REQUESTING PAGE: POST /cards with {"card[text]"=>"living a world\n"} and HTTP headers {"HTTP_REFERER"=>"/cards/1"}
